<?xml version="1.0" encoding="utf-8"?>
<TestRun id="0f0f46a3-a275-4679-93dc-835a9dc095f1" name="User@DESKTOP-QGH0PM3 2025-12-10 13:27:29" runUser="DESKTOP-QGH0PM3\User" xmlns="http://microsoft.com/schemas/VisualStudio/TeamTest/2010">
  <Times creation="2025-12-10T13:27:29.7534829+03:00" queuing="2025-12-10T13:27:29.7534832+03:00" start="2025-12-10T13:27:26.2812084+03:00" finish="2025-12-10T13:27:29.7630241+03:00" />
  <TestSettings name="default" id="69f2c893-15b9-4ede-bea8-6966b5e332dc">
    <Deployment runDeploymentRoot="User_DESKTOP-QGH0PM3_2025-12-10_13_27_29" />
  </TestSettings>
  <Results>
    <UnitTestResult executionId="72ecdf7f-98f7-4a38-8158-db94190b0940" testId="ac1e0de9-56c1-bfe6-c2e5-a983d5094ff6" testName="SurveyBot.Tests.Integration.AuthenticationIntegrationTests.GetCurrentUser_WithValidToken_ReturnsUserInfo" computerName="DESKTOP-QGH0PM3" duration="00:00:00.0138239" startTime="2025-12-10T13:27:29.6029560+03:00" endTime="2025-12-10T13:27:29.6029561+03:00" testType="13cdc9d9-ddb5-4fa4-a97d-d965ccfc6d4b" outcome="Passed" testListId="8c84fa94-04c1-424b-9868-57a2d4851a1d" relativeResultsDirectory="72ecdf7f-98f7-4a38-8158-db94190b0940" />
    <UnitTestResult executionId="5810a9bd-4dc5-4a44-87d2-61ca27ecbe41" testId="b1f54c04-15b7-6b3f-5aae-8763f68c2a15" testName="SurveyBot.Tests.Integration.AuthenticationIntegrationTests.ValidateToken_WithInvalidToken_ReturnsUnauthorized" computerName="DESKTOP-QGH0PM3" duration="00:00:00.7903227" startTime="2025-12-10T13:27:28.8565148+03:00" endTime="2025-12-10T13:27:28.8565502+03:00" testType="13cdc9d9-ddb5-4fa4-a97d-d965ccfc6d4b" outcome="Passed" testListId="8c84fa94-04c1-424b-9868-57a2d4851a1d" relativeResultsDirectory="5810a9bd-4dc5-4a44-87d2-61ca27ecbe41" />
    <UnitTestResult executionId="3ef09d09-8a45-4f62-8c6f-1670d595bdb2" testId="d55ee07f-a44a-dec9-f869-06644b578e9f" testName="SurveyBot.Tests.Integration.AuthenticationIntegrationTests.Login_WithValidTelegramId_ReturnsJwtToken" computerName="DESKTOP-QGH0PM3" duration="00:00:00.0565736" startTime="2025-12-10T13:27:29.5886717+03:00" endTime="2025-12-10T13:27:29.5886720+03:00" testType="13cdc9d9-ddb5-4fa4-a97d-d965ccfc6d4b" outcome="Passed" testListId="8c84fa94-04c1-424b-9868-57a2d4851a1d" relativeResultsDirectory="3ef09d09-8a45-4f62-8c6f-1670d595bdb2" />
    <UnitTestResult executionId="fb387fa5-e797-4297-b76e-e3c6d6a06555" testId="9ef0817f-5f6d-0c35-68a9-b87bad335044" testName="SurveyBot.Tests.Integration.AuthenticationIntegrationTests.ValidateToken_WithValidToken_ReturnsSuccess" computerName="DESKTOP-QGH0PM3" duration="00:00:00.5836900" startTime="2025-12-10T13:27:29.5313598+03:00" endTime="2025-12-10T13:27:29.5313600+03:00" testType="13cdc9d9-ddb5-4fa4-a97d-d965ccfc6d4b" outcome="Passed" testListId="8c84fa94-04c1-424b-9868-57a2d4851a1d" relativeResultsDirectory="fb387fa5-e797-4297-b76e-e3c6d6a06555" />
    <UnitTestResult executionId="0f064008-6f72-4564-9df4-0d55a1a0f8f2" testId="d5a25038-0057-85c9-a394-9a96c29d19cd" testName="SurveyBot.Tests.Integration.AuthenticationIntegrationTests.ProtectedEndpoint_WithExpiredToken_ReturnsUnauthorized" computerName="DESKTOP-QGH0PM3" duration="00:00:00.0279601" startTime="2025-12-10T13:27:28.9471715+03:00" endTime="2025-12-10T13:27:28.9471716+03:00" testType="13cdc9d9-ddb5-4fa4-a97d-d965ccfc6d4b" outcome="Passed" testListId="8c84fa94-04c1-424b-9868-57a2d4851a1d" relativeResultsDirectory="0f064008-6f72-4564-9df4-0d55a1a0f8f2" />
    <UnitTestResult executionId="47b461dc-aaba-4366-ac8e-cc803fdf8bcb" testId="bd2272df-0f5f-f29b-c13e-bc1d894695e2" testName="SurveyBot.Tests.Integration.AuthenticationIntegrationTests.Login_WithNewTelegramId_CreatesUserAndReturnsToken" computerName="DESKTOP-QGH0PM3" duration="00:00:00.0374366" startTime="2025-12-10T13:27:29.6408697+03:00" endTime="2025-12-10T13:27:29.6408699+03:00" testType="13cdc9d9-ddb5-4fa4-a97d-d965ccfc6d4b" outcome="Passed" testListId="8c84fa94-04c1-424b-9868-57a2d4851a1d" relativeResultsDirectory="47b461dc-aaba-4366-ac8e-cc803fdf8bcb" />
    <UnitTestResult executionId="75178d7b-b729-48de-a98d-af93a847c68c" testId="6e7630e2-f408-15fc-d419-1902aa5345b6" testName="SurveyBot.Tests.Integration.AuthenticationIntegrationTests.ProtectedEndpoint_WithoutToken_ReturnsUnauthorized" computerName="DESKTOP-QGH0PM3" duration="00:00:00.0074084" startTime="2025-12-10T13:27:28.8875344+03:00" endTime="2025-12-10T13:27:28.8875346+03:00" testType="13cdc9d9-ddb5-4fa4-a97d-d965ccfc6d4b" outcome="Passed" testListId="8c84fa94-04c1-424b-9868-57a2d4851a1d" relativeResultsDirectory="75178d7b-b729-48de-a98d-af93a847c68c" />
  </Results>
  <TestDefinitions>
    <UnitTest name="SurveyBot.Tests.Integration.AuthenticationIntegrationTests.ValidateToken_WithValidToken_ReturnsSuccess" storage="c:\users\user\desktop\surveybot\tests\surveybot.tests\bin\debug\net8.0\surveybot.tests.dll" id="9ef0817f-5f6d-0c35-68a9-b87bad335044">
      <Execution id="fb387fa5-e797-4297-b76e-e3c6d6a06555" />
      <TestMethod codeBase="C:\Users\User\Desktop\SurveyBot\tests\SurveyBot.Tests\bin\Debug\net8.0\SurveyBot.Tests.dll" adapterTypeName="executor://xunit/VsTestRunner2/netcoreapp" className="SurveyBot.Tests.Integration.AuthenticationIntegrationTests" name="ValidateToken_WithValidToken_ReturnsSuccess" />
    </UnitTest>
    <UnitTest name="SurveyBot.Tests.Integration.AuthenticationIntegrationTests.Login_WithValidTelegramId_ReturnsJwtToken" storage="c:\users\user\desktop\surveybot\tests\surveybot.tests\bin\debug\net8.0\surveybot.tests.dll" id="d55ee07f-a44a-dec9-f869-06644b578e9f">
      <Execution id="3ef09d09-8a45-4f62-8c6f-1670d595bdb2" />
      <TestMethod codeBase="C:\Users\User\Desktop\SurveyBot\tests\SurveyBot.Tests\bin\Debug\net8.0\SurveyBot.Tests.dll" adapterTypeName="executor://xunit/VsTestRunner2/netcoreapp" className="SurveyBot.Tests.Integration.AuthenticationIntegrationTests" name="Login_WithValidTelegramId_ReturnsJwtToken" />
    </UnitTest>
    <UnitTest name="SurveyBot.Tests.Integration.AuthenticationIntegrationTests.ValidateToken_WithInvalidToken_ReturnsUnauthorized" storage="c:\users\user\desktop\surveybot\tests\surveybot.tests\bin\debug\net8.0\surveybot.tests.dll" id="b1f54c04-15b7-6b3f-5aae-8763f68c2a15">
      <Execution id="5810a9bd-4dc5-4a44-87d2-61ca27ecbe41" />
      <TestMethod codeBase="C:\Users\User\Desktop\SurveyBot\tests\SurveyBot.Tests\bin\Debug\net8.0\SurveyBot.Tests.dll" adapterTypeName="executor://xunit/VsTestRunner2/netcoreapp" className="SurveyBot.Tests.Integration.AuthenticationIntegrationTests" name="ValidateToken_WithInvalidToken_ReturnsUnauthorized" />
    </UnitTest>
    <UnitTest name="SurveyBot.Tests.Integration.AuthenticationIntegrationTests.ProtectedEndpoint_WithoutToken_ReturnsUnauthorized" storage="c:\users\user\desktop\surveybot\tests\surveybot.tests\bin\debug\net8.0\surveybot.tests.dll" id="6e7630e2-f408-15fc-d419-1902aa5345b6">
      <Execution id="75178d7b-b729-48de-a98d-af93a847c68c" />
      <TestMethod codeBase="C:\Users\User\Desktop\SurveyBot\tests\SurveyBot.Tests\bin\Debug\net8.0\SurveyBot.Tests.dll" adapterTypeName="executor://xunit/VsTestRunner2/netcoreapp" className="SurveyBot.Tests.Integration.AuthenticationIntegrationTests" name="ProtectedEndpoint_WithoutToken_ReturnsUnauthorized" />
    </UnitTest>
    <UnitTest name="SurveyBot.Tests.Integration.AuthenticationIntegrationTests.ProtectedEndpoint_WithExpiredToken_ReturnsUnauthorized" storage="c:\users\user\desktop\surveybot\tests\surveybot.tests\bin\debug\net8.0\surveybot.tests.dll" id="d5a25038-0057-85c9-a394-9a96c29d19cd">
      <Execution id="0f064008-6f72-4564-9df4-0d55a1a0f8f2" />
      <TestMethod codeBase="C:\Users\User\Desktop\SurveyBot\tests\SurveyBot.Tests\bin\Debug\net8.0\SurveyBot.Tests.dll" adapterTypeName="executor://xunit/VsTestRunner2/netcoreapp" className="SurveyBot.Tests.Integration.AuthenticationIntegrationTests" name="ProtectedEndpoint_WithExpiredToken_ReturnsUnauthorized" />
    </UnitTest>
    <UnitTest name="SurveyBot.Tests.Integration.AuthenticationIntegrationTests.Login_WithNewTelegramId_CreatesUserAndReturnsToken" storage="c:\users\user\desktop\surveybot\tests\surveybot.tests\bin\debug\net8.0\surveybot.tests.dll" id="bd2272df-0f5f-f29b-c13e-bc1d894695e2">
      <Execution id="47b461dc-aaba-4366-ac8e-cc803fdf8bcb" />
      <TestMethod codeBase="C:\Users\User\Desktop\SurveyBot\tests\SurveyBot.Tests\bin\Debug\net8.0\SurveyBot.Tests.dll" adapterTypeName="executor://xunit/VsTestRunner2/netcoreapp" className="SurveyBot.Tests.Integration.AuthenticationIntegrationTests" name="Login_WithNewTelegramId_CreatesUserAndReturnsToken" />
    </UnitTest>
    <UnitTest name="SurveyBot.Tests.Integration.AuthenticationIntegrationTests.GetCurrentUser_WithValidToken_ReturnsUserInfo" storage="c:\users\user\desktop\surveybot\tests\surveybot.tests\bin\debug\net8.0\surveybot.tests.dll" id="ac1e0de9-56c1-bfe6-c2e5-a983d5094ff6">
      <Execution id="72ecdf7f-98f7-4a38-8158-db94190b0940" />
      <TestMethod codeBase="C:\Users\User\Desktop\SurveyBot\tests\SurveyBot.Tests\bin\Debug\net8.0\SurveyBot.Tests.dll" adapterTypeName="executor://xunit/VsTestRunner2/netcoreapp" className="SurveyBot.Tests.Integration.AuthenticationIntegrationTests" name="GetCurrentUser_WithValidToken_ReturnsUserInfo" />
    </UnitTest>
  </TestDefinitions>
  <TestEntries>
    <TestEntry testId="ac1e0de9-56c1-bfe6-c2e5-a983d5094ff6" executionId="72ecdf7f-98f7-4a38-8158-db94190b0940" testListId="8c84fa94-04c1-424b-9868-57a2d4851a1d" />
    <TestEntry testId="b1f54c04-15b7-6b3f-5aae-8763f68c2a15" executionId="5810a9bd-4dc5-4a44-87d2-61ca27ecbe41" testListId="8c84fa94-04c1-424b-9868-57a2d4851a1d" />
    <TestEntry testId="d55ee07f-a44a-dec9-f869-06644b578e9f" executionId="3ef09d09-8a45-4f62-8c6f-1670d595bdb2" testListId="8c84fa94-04c1-424b-9868-57a2d4851a1d" />
    <TestEntry testId="9ef0817f-5f6d-0c35-68a9-b87bad335044" executionId="fb387fa5-e797-4297-b76e-e3c6d6a06555" testListId="8c84fa94-04c1-424b-9868-57a2d4851a1d" />
    <TestEntry testId="d5a25038-0057-85c9-a394-9a96c29d19cd" executionId="0f064008-6f72-4564-9df4-0d55a1a0f8f2" testListId="8c84fa94-04c1-424b-9868-57a2d4851a1d" />
    <TestEntry testId="bd2272df-0f5f-f29b-c13e-bc1d894695e2" executionId="47b461dc-aaba-4366-ac8e-cc803fdf8bcb" testListId="8c84fa94-04c1-424b-9868-57a2d4851a1d" />
    <TestEntry testId="6e7630e2-f408-15fc-d419-1902aa5345b6" executionId="75178d7b-b729-48de-a98d-af93a847c68c" testListId="8c84fa94-04c1-424b-9868-57a2d4851a1d" />
  </TestEntries>
  <TestLists>
    <TestList name="Список результатов" id="8c84fa94-04c1-424b-9868-57a2d4851a1d" />
    <TestList name="Все загруженные результаты" id="19431567-8539-422a-85d7-44ee4e166bda" />
  </TestLists>
  <ResultSummary outcome="Completed">
    <Counters total="7" executed="7" passed="7" failed="0" error="0" timeout="0" aborted="0" inconclusive="0" passedButRunAborted="0" notRunnable="0" notExecuted="0" disconnected="0" warning="0" completed="0" inProgress="0" pending="0" />
    <Output>
      <StdOut>[xUnit.net 00:00:00.00] xUnit.net VSTest Adapter v2.5.3.1+6b60a9e56a (64-bit .NET 8.0.18)&#xD;
[xUnit.net 00:00:00.16]   Discovering: SurveyBot.Tests&#xD;
[xUnit.net 00:00:00.41]   Discovered:  SurveyBot.Tests&#xD;
[xUnit.net 00:00:00.42]   Starting:    SurveyBot.Tests&#xD;
[13:27:27 INF] Starting SurveyBot API application {"Application": "SurveyBot.API"}&#xD;
[13:27:27 INF] Starting Telegram Bot initialization... {"SourceContext": "SurveyBot.Bot.Interfaces.IBotService", "Application": "SurveyBot.API"}&#xD;
[13:27:27 INF] Bot initialized: @null (ID: 123456789) {"SourceContext": "SurveyBot.Bot.Interfaces.IBotService", "Application": "SurveyBot.API"}&#xD;
[13:27:27 INF] Long polling mode enabled (webhook disabled) {"SourceContext": "SurveyBot.Bot.Interfaces.IBotService", "Application": "SurveyBot.API"}&#xD;
[13:27:27 INF] Telegram Bot initialization completed successfully {"SourceContext": "SurveyBot.Bot.Interfaces.IBotService", "Application": "SurveyBot.API"}&#xD;
[13:27:27 INF] Telegram Bot initialized successfully {"Application": "SurveyBot.API"}&#xD;
[13:27:27 INF] SurveyBot API started successfully {"Application": "SurveyBot.API"}&#xD;
[13:27:28 INF] HTTP GET /api/auth/validate started. TraceId: 0HNHNQQS4I525 {"SourceContext": "SurveyBot.API.Middleware.RequestLoggingMiddleware", "RequestId": "0HNHNQQS4I525", "RequestPath": "/api/auth/validate", "Application": "SurveyBot.API"}&#xD;
[13:27:28 WRN] Failed to determine the https port for redirect. {"EventId": {"Id": 3, "Name": "FailedToDeterminePort"}, "SourceContext": "Microsoft.AspNetCore.HttpsPolicy.HttpsRedirectionMiddleware", "RequestId": "0HNHNQQS4I525", "RequestPath": "/api/auth/validate", "Application": "SurveyBot.API"}&#xD;
[13:27:28 WRN] JWT Authentication failed: IDX14100: JWT is not well formed, there are no dots (.).&#xD;
The token needs to be in JWS or JWE Compact Serialization Format. (JWS): 'EncodedHeader.EndcodedPayload.EncodedSignature'. (JWE): 'EncodedProtectedHeader.EncodedEncryptedKey.EncodedInitializationVector.EncodedCiphertext.EncodedAuthenticationTag'. {"RequestId": "0HNHNQQS4I525", "RequestPath": "/api/auth/validate", "Application": "SurveyBot.API"}&#xD;
[13:27:28 WRN] JWT authentication challenge:  {"RequestId": "0HNHNQQS4I525", "RequestPath": "/api/auth/validate", "Application": "SurveyBot.API"}&#xD;
[13:27:28 WRN] HTTP GET /api/auth/validate responded 401 in 50ms. TraceId: 0HNHNQQS4I525 {"SourceContext": "SurveyBot.API.Middleware.RequestLoggingMiddleware", "RequestId": "0HNHNQQS4I525", "RequestPath": "/api/auth/validate", "Application": "SurveyBot.API"}&#xD;
[13:27:28 INF] HTTP GET /api/auth/validate responded 401 in 52.4968 ms {"RequestHost": "localhost", "RequestScheme": "http", "RemoteIP": null, "SourceContext": "Serilog.AspNetCore.RequestLoggingMiddleware", "RequestId": "0HNHNQQS4I525", "Application": "SurveyBot.API"}&#xD;
[13:27:28 INF] HTTP GET /api/surveys started. TraceId: 0HNHNQQS4I526 {"SourceContext": "SurveyBot.API.Middleware.RequestLoggingMiddleware", "RequestId": "0HNHNQQS4I526", "RequestPath": "/api/surveys", "Application": "SurveyBot.API"}&#xD;
[13:27:28 WRN] JWT authentication challenge: null {"RequestId": "0HNHNQQS4I526", "RequestPath": "/api/surveys", "Application": "SurveyBot.API"}&#xD;
[13:27:28 WRN] HTTP GET /api/surveys responded 401 in 3ms. TraceId: 0HNHNQQS4I526 {"SourceContext": "SurveyBot.API.Middleware.RequestLoggingMiddleware", "RequestId": "0HNHNQQS4I526", "RequestPath": "/api/surveys", "Application": "SurveyBot.API"}&#xD;
[13:27:28 INF] HTTP GET /api/surveys responded 401 in 3.7091 ms {"RequestHost": "localhost", "RequestScheme": "http", "RemoteIP": null, "SourceContext": "Serilog.AspNetCore.RequestLoggingMiddleware", "RequestId": "0HNHNQQS4I526", "Application": "SurveyBot.API"}&#xD;
[13:27:28 INF] HTTP GET /api/surveys started. TraceId: 0HNHNQQS4I527 {"SourceContext": "SurveyBot.API.Middleware.RequestLoggingMiddleware", "RequestId": "0HNHNQQS4I527", "RequestPath": "/api/surveys", "Application": "SurveyBot.API"}&#xD;
[13:27:28 WRN] JWT Authentication failed: IDX10503: Signature validation failed. Token does not have a kid. Keys tried: '[PII of type 'System.Text.StringBuilder' is hidden. For more details, see https://aka.ms/IdentityModel/PII.]'. Number of keys in TokenValidationParameters: '1'. &#xD;
Number of keys in Configuration: '0'. &#xD;
Exceptions caught:&#xD;
 '[PII of type 'System.String' is hidden. For more details, see https://aka.ms/IdentityModel/PII.]'.&#xD;
token: '[PII of type 'Microsoft.IdentityModel.JsonWebTokens.JsonWebToken' is hidden. For more details, see https://aka.ms/IdentityModel/PII.]'. See https://aka.ms/IDX10503 for details. {"RequestId": "0HNHNQQS4I527", "RequestPath": "/api/surveys", "Application": "SurveyBot.API"}&#xD;
[13:27:28 WRN] JWT authentication challenge: The signature key was not found {"RequestId": "0HNHNQQS4I527", "RequestPath": "/api/surveys", "Application": "SurveyBot.API"}&#xD;
[13:27:28 WRN] HTTP GET /api/surveys responded 401 in 26ms. TraceId: 0HNHNQQS4I527 {"SourceContext": "SurveyBot.API.Middleware.RequestLoggingMiddleware", "RequestId": "0HNHNQQS4I527", "RequestPath": "/api/surveys", "Application": "SurveyBot.API"}&#xD;
[13:27:28 INF] HTTP GET /api/surveys responded 401 in 26.6557 ms {"RequestHost": "localhost", "RequestScheme": "http", "RemoteIP": null, "SourceContext": "Serilog.AspNetCore.RequestLoggingMiddleware", "RequestId": "0HNHNQQS4I527", "Application": "SurveyBot.API"}&#xD;
[13:27:29 INF] HTTP POST /api/auth/login started. TraceId: 0HNHNQQS4I528 {"SourceContext": "SurveyBot.API.Middleware.RequestLoggingMiddleware", "RequestId": "0HNHNQQS4I528", "RequestPath": "/api/auth/login", "Application": "SurveyBot.API"}&#xD;
[13:27:29 WRN] Sensitive data logging is enabled. Log entries and exception messages may include sensitive application data; this mode should only be enabled during development. {"EventId": {"Id": 10400, "Name": "Microsoft.EntityFrameworkCore.Infrastructure.SensitiveDataLoggingEnabledWarning"}, "SourceContext": "Microsoft.EntityFrameworkCore.Model.Validation", "ActionId": "d706d3cf-3344-4455-80ed-e9b1ac921d3d", "ActionName": "SurveyBot.API.Controllers.AuthController.Login (SurveyBot.API)", "RequestId": "0HNHNQQS4I528", "RequestPath": "/api/auth/login", "Application": "SurveyBot.API"}&#xD;
[13:27:29 WRN] The property 'Response.VisitedQuestionIds' is a collection or enumeration type with a value converter but with no value comparer. Set a value comparer to ensure the collection/enumeration elements are compared correctly. {"EventId": {"Id": 10620, "Name": "Microsoft.EntityFrameworkCore.Model.Validation.CollectionWithoutComparer"}, "SourceContext": "Microsoft.EntityFrameworkCore.Model.Validation", "ActionId": "d706d3cf-3344-4455-80ed-e9b1ac921d3d", "ActionName": "SurveyBot.API.Controllers.AuthController.Login (SurveyBot.API)", "RequestId": "0HNHNQQS4I528", "RequestPath": "/api/auth/login", "Application": "SurveyBot.API"}&#xD;
[13:27:29 INF] Login request received for Telegram ID: 123456789 {"SourceContext": "SurveyBot.API.Controllers.AuthController", "ActionId": "d706d3cf-3344-4455-80ed-e9b1ac921d3d", "ActionName": "SurveyBot.API.Controllers.AuthController.Login (SurveyBot.API)", "RequestId": "0HNHNQQS4I528", "RequestPath": "/api/auth/login", "Application": "SurveyBot.API"}&#xD;
[13:27:29 INF] Login attempt for Telegram ID: 123456789 {"SourceContext": "SurveyBot.Infrastructure.Services.AuthService", "ActionId": "d706d3cf-3344-4455-80ed-e9b1ac921d3d", "ActionName": "SurveyBot.API.Controllers.AuthController.Login (SurveyBot.API)", "RequestId": "0HNHNQQS4I528", "RequestPath": "/api/auth/login", "Application": "SurveyBot.API"}&#xD;
[13:27:29 INF] Saved 1 entities to in-memory store. {"EventId": {"Id": 30100, "Name": "Microsoft.EntityFrameworkCore.Update.ChangesSaved"}, "SourceContext": "Microsoft.EntityFrameworkCore.Update", "ActionId": "d706d3cf-3344-4455-80ed-e9b1ac921d3d", "ActionName": "SurveyBot.API.Controllers.AuthController.Login (SurveyBot.API)", "RequestId": "0HNHNQQS4I528", "RequestPath": "/api/auth/login", "Application": "SurveyBot.API"}&#xD;
[13:27:29 INF] User authenticated with ID: 1 {"SourceContext": "SurveyBot.Infrastructure.Services.AuthService", "ActionId": "d706d3cf-3344-4455-80ed-e9b1ac921d3d", "ActionName": "SurveyBot.API.Controllers.AuthController.Login (SurveyBot.API)", "RequestId": "0HNHNQQS4I528", "RequestPath": "/api/auth/login", "Application": "SurveyBot.API"}&#xD;
[13:27:29 INF] Successfully generated tokens for user ID: 1 {"SourceContext": "SurveyBot.Infrastructure.Services.AuthService", "ActionId": "d706d3cf-3344-4455-80ed-e9b1ac921d3d", "ActionName": "SurveyBot.API.Controllers.AuthController.Login (SurveyBot.API)", "RequestId": "0HNHNQQS4I528", "RequestPath": "/api/auth/login", "Application": "SurveyBot.API"}&#xD;
[13:27:29 INF] Login successful for user ID: 1 {"SourceContext": "SurveyBot.API.Controllers.AuthController", "ActionId": "d706d3cf-3344-4455-80ed-e9b1ac921d3d", "ActionName": "SurveyBot.API.Controllers.AuthController.Login (SurveyBot.API)", "RequestId": "0HNHNQQS4I528", "RequestPath": "/api/auth/login", "Application": "SurveyBot.API"}&#xD;
[13:27:29 INF] HTTP POST /api/auth/login responded 200 in 351ms. TraceId: 0HNHNQQS4I528 {"SourceContext": "SurveyBot.API.Middleware.RequestLoggingMiddleware", "RequestId": "0HNHNQQS4I528", "RequestPath": "/api/auth/login", "Application": "SurveyBot.API"}&#xD;
[13:27:29 INF] HTTP POST /api/auth/login responded 200 in 352.1913 ms {"RequestHost": "localhost", "RequestScheme": "http", "RemoteIP": null, "SourceContext": "Serilog.AspNetCore.RequestLoggingMiddleware", "RequestId": "0HNHNQQS4I528", "Application": "SurveyBot.API"}&#xD;
[13:27:29 INF] HTTP GET /api/auth/validate started. TraceId: 0HNHNQQS4I529 {"SourceContext": "SurveyBot.API.Middleware.RequestLoggingMiddleware", "RequestId": "0HNHNQQS4I529", "RequestPath": "/api/auth/validate", "Application": "SurveyBot.API"}&#xD;
[13:27:29 INF] Token validated for user ID: 1 {"SourceContext": "SurveyBot.API.Controllers.AuthController", "ActionId": "94bdf390-c152-445b-9d1a-70b65b899551", "ActionName": "SurveyBot.API.Controllers.AuthController.ValidateToken (SurveyBot.API)", "RequestId": "0HNHNQQS4I529", "RequestPath": "/api/auth/validate", "Application": "SurveyBot.API"}&#xD;
[13:27:29 INF] HTTP GET /api/auth/validate responded 200 in 53ms. TraceId: 0HNHNQQS4I529 {"SourceContext": "SurveyBot.API.Middleware.RequestLoggingMiddleware", "RequestId": "0HNHNQQS4I529", "RequestPath": "/api/auth/validate", "Application": "SurveyBot.API"}&#xD;
[13:27:29 INF] HTTP GET /api/auth/validate responded 200 in 53.8731 ms {"RequestHost": "localhost", "RequestScheme": "http", "RemoteIP": null, "SourceContext": "Serilog.AspNetCore.RequestLoggingMiddleware", "RequestId": "0HNHNQQS4I529", "Application": "SurveyBot.API"}&#xD;
[13:27:29 INF] HTTP POST /api/auth/login started. TraceId: 0HNHNQQS4I52A {"SourceContext": "SurveyBot.API.Middleware.RequestLoggingMiddleware", "RequestId": "0HNHNQQS4I52A", "RequestPath": "/api/auth/login", "Application": "SurveyBot.API"}&#xD;
[13:27:29 INF] Login request received for Telegram ID: 123456789 {"SourceContext": "SurveyBot.API.Controllers.AuthController", "ActionId": "d706d3cf-3344-4455-80ed-e9b1ac921d3d", "ActionName": "SurveyBot.API.Controllers.AuthController.Login (SurveyBot.API)", "RequestId": "0HNHNQQS4I52A", "RequestPath": "/api/auth/login", "Application": "SurveyBot.API"}&#xD;
[13:27:29 INF] Login attempt for Telegram ID: 123456789 {"SourceContext": "SurveyBot.Infrastructure.Services.AuthService", "ActionId": "d706d3cf-3344-4455-80ed-e9b1ac921d3d", "ActionName": "SurveyBot.API.Controllers.AuthController.Login (SurveyBot.API)", "RequestId": "0HNHNQQS4I52A", "RequestPath": "/api/auth/login", "Application": "SurveyBot.API"}&#xD;
[13:27:29 INF] Saved 1 entities to in-memory store. {"EventId": {"Id": 30100, "Name": "Microsoft.EntityFrameworkCore.Update.ChangesSaved"}, "SourceContext": "Microsoft.EntityFrameworkCore.Update", "ActionId": "d706d3cf-3344-4455-80ed-e9b1ac921d3d", "ActionName": "SurveyBot.API.Controllers.AuthController.Login (SurveyBot.API)", "RequestId": "0HNHNQQS4I52A", "RequestPath": "/api/auth/login", "Application": "SurveyBot.API"}&#xD;
[13:27:29 INF] User authenticated with ID: 1 {"SourceContext": "SurveyBot.Infrastructure.Services.AuthService", "ActionId": "d706d3cf-3344-4455-80ed-e9b1ac921d3d", "ActionName": "SurveyBot.API.Controllers.AuthController.Login (SurveyBot.API)", "RequestId": "0HNHNQQS4I52A", "RequestPath": "/api/auth/login", "Application": "SurveyBot.API"}&#xD;
[13:27:29 INF] Successfully generated tokens for user ID: 1 {"SourceContext": "SurveyBot.Infrastructure.Services.AuthService", "ActionId": "d706d3cf-3344-4455-80ed-e9b1ac921d3d", "ActionName": "SurveyBot.API.Controllers.AuthController.Login (SurveyBot.API)", "RequestId": "0HNHNQQS4I52A", "RequestPath": "/api/auth/login", "Application": "SurveyBot.API"}&#xD;
[13:27:29 INF] Login successful for user ID: 1 {"SourceContext": "SurveyBot.API.Controllers.AuthController", "ActionId": "d706d3cf-3344-4455-80ed-e9b1ac921d3d", "ActionName": "SurveyBot.API.Controllers.AuthController.Login (SurveyBot.API)", "RequestId": "0HNHNQQS4I52A", "RequestPath": "/api/auth/login", "Application": "SurveyBot.API"}&#xD;
[13:27:29 INF] HTTP POST /api/auth/login responded 200 in 35ms. TraceId: 0HNHNQQS4I52A {"SourceContext": "SurveyBot.API.Middleware.RequestLoggingMiddleware", "RequestId": "0HNHNQQS4I52A", "RequestPath": "/api/auth/login", "Application": "SurveyBot.API"}&#xD;
[13:27:29 INF] HTTP POST /api/auth/login responded 200 in 35.2042 ms {"RequestHost": "localhost", "RequestScheme": "http", "RemoteIP": null, "SourceContext": "Serilog.AspNetCore.RequestLoggingMiddleware", "RequestId": "0HNHNQQS4I52A", "Application": "SurveyBot.API"}&#xD;
[13:27:29 INF] HTTP POST /api/auth/login started. TraceId: 0HNHNQQS4I52B {"SourceContext": "SurveyBot.API.Middleware.RequestLoggingMiddleware", "RequestId": "0HNHNQQS4I52B", "RequestPath": "/api/auth/login", "Application": "SurveyBot.API"}&#xD;
[13:27:29 INF] Login request received for Telegram ID: 123456789 {"SourceContext": "SurveyBot.API.Controllers.AuthController", "ActionId": "d706d3cf-3344-4455-80ed-e9b1ac921d3d", "ActionName": "SurveyBot.API.Controllers.AuthController.Login (SurveyBot.API)", "RequestId": "0HNHNQQS4I52B", "RequestPath": "/api/auth/login", "Application": "SurveyBot.API"}&#xD;
[13:27:29 INF] Login attempt for Telegram ID: 123456789 {"SourceContext": "SurveyBot.Infrastructure.Services.AuthService", "ActionId": "d706d3cf-3344-4455-80ed-e9b1ac921d3d", "ActionName": "SurveyBot.API.Controllers.AuthController.Login (SurveyBot.API)", "RequestId": "0HNHNQQS4I52B", "RequestPath": "/api/auth/login", "Application": "SurveyBot.API"}&#xD;
[13:27:29 INF] Saved 1 entities to in-memory store. {"EventId": {"Id": 30100, "Name": "Microsoft.EntityFrameworkCore.Update.ChangesSaved"}, "SourceContext": "Microsoft.EntityFrameworkCore.Update", "ActionId": "d706d3cf-3344-4455-80ed-e9b1ac921d3d", "ActionName": "SurveyBot.API.Controllers.AuthController.Login (SurveyBot.API)", "RequestId": "0HNHNQQS4I52B", "RequestPath": "/api/auth/login", "Application": "SurveyBot.API"}&#xD;
[13:27:29 INF] User authenticated with ID: 1 {"SourceContext": "SurveyBot.Infrastructure.Services.AuthService", "ActionId": "d706d3cf-3344-4455-80ed-e9b1ac921d3d", "ActionName": "SurveyBot.API.Controllers.AuthController.Login (SurveyBot.API)", "RequestId": "0HNHNQQS4I52B", "RequestPath": "/api/auth/login", "Application": "SurveyBot.API"}&#xD;
[13:27:29 INF] Successfully generated tokens for user ID: 1 {"SourceContext": "SurveyBot.Infrastructure.Services.AuthService", "ActionId": "d706d3cf-3344-4455-80ed-e9b1ac921d3d", "ActionName": "SurveyBot.API.Controllers.AuthController.Login (SurveyBot.API)", "RequestId": "0HNHNQQS4I52B", "RequestPath": "/api/auth/login", "Application": "SurveyBot.API"}&#xD;
[13:27:29 INF] Login successful for user ID: 1 {"SourceContext": "SurveyBot.API.Controllers.AuthController", "ActionId": "d706d3cf-3344-4455-80ed-e9b1ac921d3d", "ActionName": "SurveyBot.API.Controllers.AuthController.Login (SurveyBot.API)", "RequestId": "0HNHNQQS4I52B", "RequestPath": "/api/auth/login", "Application": "SurveyBot.API"}&#xD;
[13:27:29 INF] HTTP POST /api/auth/login responded 200 in 4ms. TraceId: 0HNHNQQS4I52B {"SourceContext": "SurveyBot.API.Middleware.RequestLoggingMiddleware", "RequestId": "0HNHNQQS4I52B", "RequestPath": "/api/auth/login", "Application": "SurveyBot.API"}&#xD;
[13:27:29 INF] HTTP POST /api/auth/login responded 200 in 5.1018 ms {"RequestHost": "localhost", "RequestScheme": "http", "RemoteIP": null, "SourceContext": "Serilog.AspNetCore.RequestLoggingMiddleware", "RequestId": "0HNHNQQS4I52B", "Application": "SurveyBot.API"}&#xD;
[13:27:29 INF] HTTP GET /api/auth/me started. TraceId: 0HNHNQQS4I52C {"SourceContext": "SurveyBot.API.Middleware.RequestLoggingMiddleware", "RequestId": "0HNHNQQS4I52C", "RequestPath": "/api/auth/me", "Application": "SurveyBot.API"}&#xD;
[13:27:29 INF] HTTP GET /api/auth/me responded 200 in 4ms. TraceId: 0HNHNQQS4I52C {"SourceContext": "SurveyBot.API.Middleware.RequestLoggingMiddleware", "RequestId": "0HNHNQQS4I52C", "RequestPath": "/api/auth/me", "Application": "SurveyBot.API"}&#xD;
[13:27:29 INF] HTTP GET /api/auth/me responded 200 in 4.4999 ms {"RequestHost": "localhost", "RequestScheme": "http", "RemoteIP": null, "SourceContext": "Serilog.AspNetCore.RequestLoggingMiddleware", "RequestId": "0HNHNQQS4I52C", "Application": "SurveyBot.API"}&#xD;
[13:27:29 INF] HTTP POST /api/auth/login started. TraceId: 0HNHNQQS4I52D {"SourceContext": "SurveyBot.API.Middleware.RequestLoggingMiddleware", "RequestId": "0HNHNQQS4I52D", "RequestPath": "/api/auth/login", "Application": "SurveyBot.API"}&#xD;
[13:27:29 INF] Login request received for Telegram ID: 999888777 {"SourceContext": "SurveyBot.API.Controllers.AuthController", "ActionId": "d706d3cf-3344-4455-80ed-e9b1ac921d3d", "ActionName": "SurveyBot.API.Controllers.AuthController.Login (SurveyBot.API)", "RequestId": "0HNHNQQS4I52D", "RequestPath": "/api/auth/login", "Application": "SurveyBot.API"}&#xD;
[13:27:29 INF] Login attempt for Telegram ID: 999888777 {"SourceContext": "SurveyBot.Infrastructure.Services.AuthService", "ActionId": "d706d3cf-3344-4455-80ed-e9b1ac921d3d", "ActionName": "SurveyBot.API.Controllers.AuthController.Login (SurveyBot.API)", "RequestId": "0HNHNQQS4I52D", "RequestPath": "/api/auth/login", "Application": "SurveyBot.API"}&#xD;
[13:27:29 INF] Saved 1 entities to in-memory store. {"EventId": {"Id": 30100, "Name": "Microsoft.EntityFrameworkCore.Update.ChangesSaved"}, "SourceContext": "Microsoft.EntityFrameworkCore.Update", "ActionId": "d706d3cf-3344-4455-80ed-e9b1ac921d3d", "ActionName": "SurveyBot.API.Controllers.AuthController.Login (SurveyBot.API)", "RequestId": "0HNHNQQS4I52D", "RequestPath": "/api/auth/login", "Application": "SurveyBot.API"}&#xD;
[13:27:29 INF] User authenticated with ID: 1 {"SourceContext": "SurveyBot.Infrastructure.Services.AuthService", "ActionId": "d706d3cf-3344-4455-80ed-e9b1ac921d3d", "ActionName": "SurveyBot.API.Controllers.AuthController.Login (SurveyBot.API)", "RequestId": "0HNHNQQS4I52D", "RequestPath": "/api/auth/login", "Application": "SurveyBot.API"}&#xD;
[13:27:29 INF] Successfully generated tokens for user ID: 1 {"SourceContext": "SurveyBot.Infrastructure.Services.AuthService", "ActionId": "d706d3cf-3344-4455-80ed-e9b1ac921d3d", "ActionName": "SurveyBot.API.Controllers.AuthController.Login (SurveyBot.API)", "RequestId": "0HNHNQQS4I52D", "RequestPath": "/api/auth/login", "Application": "SurveyBot.API"}&#xD;
[13:27:29 INF] Login successful for user ID: 1 {"SourceContext": "SurveyBot.API.Controllers.AuthController", "ActionId": "d706d3cf-3344-4455-80ed-e9b1ac921d3d", "ActionName": "SurveyBot.API.Controllers.AuthController.Login (SurveyBot.API)", "RequestId": "0HNHNQQS4I52D", "RequestPath": "/api/auth/login", "Application": "SurveyBot.API"}&#xD;
[13:27:29 INF] HTTP POST /api/auth/login responded 200 in 13ms. TraceId: 0HNHNQQS4I52D {"SourceContext": "SurveyBot.API.Middleware.RequestLoggingMiddleware", "RequestId": "0HNHNQQS4I52D", "RequestPath": "/api/auth/login", "Application": "SurveyBot.API"}&#xD;
[13:27:29 INF] HTTP POST /api/auth/login responded 200 in 13.5449 ms {"RequestHost": "localhost", "RequestScheme": "http", "RemoteIP": null, "SourceContext": "Serilog.AspNetCore.RequestLoggingMiddleware", "RequestId": "0HNHNQQS4I52D", "Application": "SurveyBot.API"}&#xD;
[xUnit.net 00:00:02.79]   Finished:    SurveyBot.Tests&#xD;
</StdOut>
    </Output>
  </ResultSummary>
</TestRun>